# JRE version: OpenJDK Runtime Environment Zulu15.36+13-CA (15.0.5+3) (build 15.0.5+3-MTS)
# Java VM: OpenJDK 64-Bit Server VM Zulu15.36+13-CA (15.0.5+3-MTS, mixed mode, tiered, compressed oops, g1 gc, bsd-aarch64)
GC Precious Log:
 CPUs: 8 total, 8 available
 Memory: 8192M
 Large Page Support: Disabled
 NUMA Support: Disabled
 Compressed Oops: Enabled (Zero based)
 Heap Region Size: 1M
 Heap Min Capacity: 8M
 Heap Initial Capacity: 128M
 Heap Max Capacity: 512M
 Pre-touch: Disabled
 Parallel Workers: 8
 Concurrent Workers: 2
 Concurrent Refinement Workers: 8
 Periodic GC: Disabled
Heap:
 garbage-first heap   total 86016K, used 37021K [0x00000007a0000000, 0x00000007c0000000)
  region size 1024K, 3 young (3072K), 2 survivors (2048K)
 Metaspace       used 75296K, capacity 76036K, committed 76208K, reserved 1116160K
  class space    used 9844K, capacity 10121K, committed 10240K, reserved 1048576K
GC Heap History (20 events):
Event: 1.518 GC heap before
{Heap before GC invocations=14 (full 0):
 garbage-first heap   total 49152K, used 37521K [0x00000007a0000000, 0x00000007c0000000)
  region size 1024K, 21 young (21504K), 3 survivors (3072K)
 Metaspace       used 45567K, capacity 46195K, committed 46384K, reserved 1089536K
  class space    used 5768K, capacity 5982K, committed 6016K, reserved 1048576K
}
Event: 1.520 GC heap after
{Heap after GC invocations=15 (full 0):
 garbage-first heap   total 59392K, used 21160K [0x00000007a0000000, 0x00000007c0000000)
  region size 1024K, 1 young (1024K), 1 survivors (1024K)
 Metaspace       used 45567K, capacity 46195K, committed 46384K, reserved 1089536K
  class space    used 5768K, capacity 5982K, committed 6016K, reserved 1048576K
}
Event: 1.766 GC heap before
{Heap before GC invocations=15 (full 0):
 garbage-first heap   total 59392K, used 45736K [0x00000007a0000000, 0x00000007c0000000)
  region size 1024K, 25 young (25600K), 1 survivors (1024K)
 Metaspace       used 55075K, capacity 55772K, committed 55856K, reserved 1097728K
  class space    used 7050K, capacity 7273K, committed 7296K, reserved 1048576K
}
Event: 1.769 GC heap after
{Heap after GC invocations=16 (full 0):
 garbage-first heap   total 59392K, used 24570K [0x00000007a0000000, 0x00000007c0000000)
  region size 1024K, 4 young (4096K), 4 survivors (4096K)
 Metaspace       used 55075K, capacity 55772K, committed 55856K, reserved 1097728K
  class space    used 7050K, capacity 7273K, committed 7296K, reserved 1048576K
}
Event: 1.889 GC heap before
{Heap before GC invocations=16 (full 0):
 garbage-first heap   total 59392K, used 46074K [0x00000007a0000000, 0x00000007c0000000)
  region size 1024K, 25 young (25600K), 4 survivors (4096K)
 Metaspace       used 58867K, capacity 59502K, committed 59696K, reserved 1101824K
  class space    used 7552K, capacity 7789K, committed 7808K, reserved 1048576K
}
Event: 1.892 GC heap after
{Heap after GC invocations=17 (full 0):
 garbage-first heap   total 59392K, used 25810K [0x00000007a0000000, 0x00000007c0000000)
  region size 1024K, 2 young (2048K), 2 survivors (2048K)
 Metaspace       used 58867K, capacity 59502K, committed 59696K, reserved 1101824K
  class space    used 7552K, capacity 7789K, committed 7808K, reserved 1048576K
}
Event: 1.899 GC heap before
{Heap before GC invocations=17 (full 0):
 garbage-first heap   total 59392K, used 26834K [0x00000007a0000000, 0x00000007c0000000)
  region size 1024K, 4 young (4096K), 2 survivors (2048K)
 Metaspace       used 59037K, capacity 59694K, committed 59824K, reserved 1101824K
  class space    used 7566K, capacity 7789K, committed 7808K, reserved 1048576K
}
Event: 1.901 GC heap after
{Heap after GC invocations=18 (full 0):
 garbage-first heap   total 59392K, used 25678K [0x00000007a0000000, 0x00000007c0000000)
  region size 1024K, 2 young (2048K), 2 survivors (2048K)
 Metaspace       used 59037K, capacity 59694K, committed 59824K, reserved 1101824K
  class space    used 7566K, capacity 7789K, committed 7808K, reserved 1048576K
}
Event: 2.008 GC heap before
{Heap before GC invocations=19 (full 0):
 garbage-first heap   total 59392K, used 46158K [0x00000007a0000000, 0x00000007c0000000)
  region size 1024K, 22 young (22528K), 2 survivors (2048K)
 Metaspace       used 61683K, capacity 62371K, committed 62512K, reserved 1103872K
  class space    used 8019K, capacity 8273K, committed 8320K, reserved 1048576K
}
Event: 2.010 GC heap after
{Heap after GC invocations=20 (full 0):
 garbage-first heap   total 71680K, used 26420K [0x00000007a0000000, 0x00000007c0000000)
  region size 1024K, 2 young (2048K), 2 survivors (2048K)
 Metaspace       used 61683K, capacity 62371K, committed 62512K, reserved 1103872K
  class space    used 8019K, capacity 8273K, committed 8320K, reserved 1048576K
}
Event: 2.271 GC heap before
{Heap before GC invocations=20 (full 0):
 garbage-first heap   total 71680K, used 56116K [0x00000007a0000000, 0x00000007c0000000)
  region size 1024K, 32 young (32768K), 2 survivors (2048K)
 Metaspace       used 66408K, capacity 67065K, committed 67248K, reserved 1107968K
  class space    used 8662K, capacity 8893K, committed 8960K, reserved 1048576K
}
Event: 2.275 GC heap after
{Heap after GC invocations=21 (full 0):
 garbage-first heap   total 71680K, used 28189K [0x00000007a0000000, 0x00000007c0000000)
  region size 1024K, 4 young (4096K), 4 survivors (4096K)
 Metaspace       used 66408K, capacity 67065K, committed 67248K, reserved 1107968K
  class space    used 8662K, capacity 8893K, committed 8960K, reserved 1048576K
}
Event: 2.505 GC heap before
{Heap before GC invocations=21 (full 0):
 garbage-first heap   total 71680K, used 57885K [0x00000007a0000000, 0x00000007c0000000)
  region size 1024K, 33 young (33792K), 4 survivors (4096K)
 Metaspace       used 69809K, capacity 70520K, committed 70704K, reserved 1110016K
  class space    used 9071K, capacity 9332K, committed 9344K, reserved 1048576K
}
Event: 2.508 GC heap after
{Heap after GC invocations=22 (full 0):
 garbage-first heap   total 71680K, used 29857K [0x00000007a0000000, 0x00000007c0000000)
  region size 1024K, 4 young (4096K), 4 survivors (4096K)
 Metaspace       used 69809K, capacity 70520K, committed 70704K, reserved 1110016K
  class space    used 9071K, capacity 9332K, committed 9344K, reserved 1048576K
}
Event: 2.647 GC heap before
{Heap before GC invocations=22 (full 0):
 garbage-first heap   total 71680K, used 56481K [0x00000007a0000000, 0x00000007c0000000)
  region size 1024K, 31 young (31744K), 4 survivors (4096K)
 Metaspace       used 72193K, capacity 72897K, committed 73136K, reserved 1112064K
  class space    used 9396K, capacity 9654K, committed 9728K, reserved 1048576K
}
Event: 2.651 GC heap after
{Heap after GC invocations=23 (full 0):
 garbage-first heap   total 71680K, used 31996K [0x00000007a0000000, 0x00000007c0000000)
  region size 1024K, 4 young (4096K), 4 survivors (4096K)
 Metaspace       used 72193K, capacity 72897K, committed 73136K, reserved 1112064K
  class space    used 9396K, capacity 9654K, committed 9728K, reserved 1048576K
}
Event: 2.795 GC heap before
{Heap before GC invocations=23 (full 0):
 garbage-first heap   total 71680K, used 56572K [0x00000007a0000000, 0x00000007c0000000)
  region size 1024K, 29 young (29696K), 4 survivors (4096K)
 Metaspace       used 73501K, capacity 74278K, committed 74288K, reserved 1114112K
  class space    used 9606K, capacity 9856K, committed 9856K, reserved 1048576K
}
Event: 2.800 GC heap after
{Heap after GC invocations=24 (full 0):
 garbage-first heap   total 71680K, used 34903K [0x00000007a0000000, 0x00000007c0000000)
  region size 1024K, 3 young (3072K), 3 survivors (3072K)
 Metaspace       used 73501K, capacity 74278K, committed 74288K, reserved 1114112K
  class space    used 9606K, capacity 9856K, committed 9856K, reserved 1048576K
}
Event: 2.931 GC heap before
{Heap before GC invocations=24 (full 0):
 garbage-first heap   total 71680K, used 57431K [0x00000007a0000000, 0x00000007c0000000)
  region size 1024K, 25 young (25600K), 3 survivors (3072K)
 Metaspace       used 75291K, capacity 76036K, committed 76208K, reserved 1116160K
  class space    used 9843K, capacity 10121K, committed 10240K, reserved 1048576K
}
Event: 2.935 GC heap after
{Heap after GC invocations=25 (full 0):
 garbage-first heap   total 86016K, used 37021K [0x00000007a0000000, 0x00000007c0000000)
  region size 1024K, 2 young (2048K), 2 survivors (2048K)
 Metaspace       used 75291K, capacity 76036K, committed 76208K, reserved 1116160K
  class space    used 9843K, capacity 10121K, committed 10240K, reserved 1048576K
}

